<!doctype html>
<html lang="">
<head>
    <meta charset="UTF-8">
    <meta name="viewport"
          content="width=device-width, user-scalable=no, initial-scale=1.0, maximum-scale=1.0, minimum-scale=1.0">
    <meta http-equiv="X-UA-Compatible" content="ie=edge">
    <title>Test Results Report - StudentNotesTest</title>

    <link href="reportng.css" rel="stylesheet" type="text/css"/>
</head>
<body>
<div id="meta">
Generated by <a href="http://www.testng.org" target="_blank">TestNG</a> with <a href="https://github.com/testng-team/reportng" target="_blank">ReportNG</a>
at 19:02 IST on Friday 14 February 2020
    <br/><span
    id="systemInfo">E8837@E4795_Tech&nbsp;/&nbsp;Java 1.8.0_151 (Oracle Corporation)&nbsp;/&nbsp;Windows 10 10.0 (amd64)</span>
</div>
<h1>StudentNotesTest</h1>

<p>
    <a href="index.html">Suites</a>
        &#183; <a href="output.html">Log Output</a>
</p>

<p>Test duration
    : 2484.829s</p>


    <table class="resultsTable">
        <tr>
            <th colspan="3" class="header failed">Failed Tests</th>
        </tr>
            <tr>
                <td class="group" colspan="3">com.ExtramarksWebsite_TestCases.StudentNotesTest</td>
            </tr>
    <tr>
        <td class="method">
                addNotes
        </td>
        <td class="duration">
            165.334s
        </td>
        <td class="result">
            <!-- Display the dependencies for skipped test methods -->

                <i>Method arguments: </i>
                <span class="arguments">
                    {Description=Test, Class=V, Subject=Science, ShareType=Mentors, Username=9999999910, EditChapter=Our Environment, Runmode=Y, Password2=123456, Board=ICSE, Username2=9999999913, Title=Test, Password=123456, EditSubject=Science, ExpectedResult=Success, Chapter=Family, Browser=Chrome}
                </span>
                <br/>

            <!-- Show logger output for the test -->
                <div class="testOutput">
                            Opening Browser<br/>
                            Browser name : chrome and version: 78.0.3904.108<br/>
                            Entering UserName -&gt;9999999910<br/>
                            Entering Password -&gt;123456<br/>
                            Your last session was not logged out properly<br/>
                            Login successful<br/>
                </div>

                <a href="javascript:toggleElement('exception-0', 'block')"
                   title="Click to expand/collapse">
                    <b>java.lang.AssertionError: The following asserts failed:<br/>
	Verifying add notes functionality expected [AddNotes_PASS] but found [AddNotes_Records_Not_Display_on_Grid_FAIL]</b>
                </a>
                <br/>
                <div class="stackTrace" id="exception-0">
                        org.testng.asserts.SoftAssert.assertAll(SoftAssert.java:43)<br/>
                        com.ExtramarksWebsite_TestCases.StudentNotesTest.addNotes(StudentNotesTest.java:136)<br/>
                        sun.reflect.NativeMethodAccessorImpl.invoke0(Native Method)<br/>
                        sun.reflect.NativeMethodAccessorImpl.invoke(NativeMethodAccessorImpl.java:62)<br/>
                        sun.reflect.DelegatingMethodAccessorImpl.invoke(DelegatingMethodAccessorImpl.java:43)<br/>
                        java.lang.reflect.Method.invoke(Method.java:498)<br/>
                        org.testng.internal.MethodInvocationHelper.invokeMethod(MethodInvocationHelper.java:108)<br/>
                        org.testng.internal.Invoker.invokeMethod(Invoker.java:661)<br/>
                        org.testng.internal.Invoker.invokeTestMethod(Invoker.java:869)<br/>
                        org.testng.internal.Invoker.invokeTestMethods(Invoker.java:1193)<br/>
                        org.testng.internal.TestMethodWorker.invokeTestMethods(TestMethodWorker.java:126)<br/>
                        org.testng.internal.TestMethodWorker.run(TestMethodWorker.java:109)<br/>
                        java.util.concurrent.ThreadPoolExecutor.runWorker(ThreadPoolExecutor.java:1149)<br/>
                        java.util.concurrent.ThreadPoolExecutor$Worker.run(ThreadPoolExecutor.java:624)<br/>
                        java.lang.Thread.run(Thread.java:748)<br/>
                </div>
        </td>
    </tr>
    <tr>
        <td class="method">
                editNotes
        </td>
        <td class="duration">
            478.449s
        </td>
        <td class="result">
            <!-- Display the dependencies for skipped test methods -->

                <i>Method arguments: </i>
                <span class="arguments">
                    {Description=Test, Class=V, Subject=Science, ShareType=Mentors, Username=9999999910, EditChapter=Our Environment, Runmode=Y, Password2=123456, Board=ICSE, Username2=9999999913, Title=Test, Password=123456, EditSubject=Science, ExpectedResult=Success, Chapter=Family, Browser=Chrome}
                </span>
                <br/>

            <!-- Show logger output for the test -->
                <div class="testOutput">
                            Opening Browser<br/>
                            Browser name : chrome and version: 78.0.3904.108<br/>
                            Entering UserName -&gt;9999999910<br/>
                            Entering Password -&gt;123456<br/>
                            Login successful<br/>
                </div>

                <a href="javascript:toggleElement('exception-1', 'block')"
                   title="Click to expand/collapse">
                    <b>java.lang.AssertionError: The following asserts failed:<br/>
	Verifying edit notes functionality expected [EditNotes_PASS] but found [EditNotes_Records_not_Displayed_on_Grid_FAIL]</b>
                </a>
                <br/>
                <div class="stackTrace" id="exception-1">
                        org.testng.asserts.SoftAssert.assertAll(SoftAssert.java:43)<br/>
                        com.ExtramarksWebsite_TestCases.StudentNotesTest.editNotes(StudentNotesTest.java:175)<br/>
                        sun.reflect.NativeMethodAccessorImpl.invoke0(Native Method)<br/>
                        sun.reflect.NativeMethodAccessorImpl.invoke(NativeMethodAccessorImpl.java:62)<br/>
                        sun.reflect.DelegatingMethodAccessorImpl.invoke(DelegatingMethodAccessorImpl.java:43)<br/>
                        java.lang.reflect.Method.invoke(Method.java:498)<br/>
                        org.testng.internal.MethodInvocationHelper.invokeMethod(MethodInvocationHelper.java:108)<br/>
                        org.testng.internal.Invoker.invokeMethod(Invoker.java:661)<br/>
                        org.testng.internal.Invoker.invokeTestMethod(Invoker.java:869)<br/>
                        org.testng.internal.Invoker.invokeTestMethods(Invoker.java:1193)<br/>
                        org.testng.internal.TestMethodWorker.invokeTestMethods(TestMethodWorker.java:126)<br/>
                        org.testng.internal.TestMethodWorker.run(TestMethodWorker.java:109)<br/>
                        java.util.concurrent.ThreadPoolExecutor.runWorker(ThreadPoolExecutor.java:1149)<br/>
                        java.util.concurrent.ThreadPoolExecutor$Worker.run(ThreadPoolExecutor.java:624)<br/>
                        java.lang.Thread.run(Thread.java:748)<br/>
                </div>
        </td>
    </tr>
    <tr>
        <td class="method">
                verifysharedNotes
        </td>
        <td class="duration">
            809.077s
        </td>
        <td class="result">
            <!-- Display the dependencies for skipped test methods -->

                <i>Method arguments: </i>
                <span class="arguments">
                    {Description=Test, Class=V, Subject=Science, ShareType=Mentors, Username=9999999910, EditChapter=Our Environment, Runmode=Y, Password2=123456, Board=ICSE, Username2=9999999913, Title=Test, Password=123456, EditSubject=Science, ExpectedResult=Success, Chapter=Family, Browser=Chrome}
                </span>
                <br/>

            <!-- Show logger output for the test -->
                <div class="testOutput">
                            Opening Browser<br/>
                            Browser name : chrome and version: 78.0.3904.108<br/>
                            Entering UserName -&gt;9999999913<br/>
                            Entering Password -&gt;123456<br/>
                            Login successful<br/>
                </div>

        </td>
    </tr>
    <tr>
        <td class="method">
                viewLesson
        </td>
        <td class="duration">
            266.338s
        </td>
        <td class="result">
            <!-- Display the dependencies for skipped test methods -->

                <i>Method arguments: </i>
                <span class="arguments">
                    {Description=Test, Class=V, Subject=Science, ShareType=Mentors, Username=9999999910, EditChapter=Our Environment, Runmode=Y, Password2=123456, Board=ICSE, Username2=9999999913, Title=Test, Password=123456, EditSubject=Science, ExpectedResult=Success, Chapter=Family, Browser=Chrome}
                </span>
                <br/>

            <!-- Show logger output for the test -->
                <div class="testOutput">
                            Opening Browser<br/>
                            Browser name : chrome and version: 78.0.3904.108<br/>
                            Entering UserName -&gt;9999999910<br/>
                            Entering Password -&gt;123456<br/>
                            Login successful<br/>
                </div>

                <a href="javascript:toggleElement('exception-3', 'block')"
                   title="Click to expand/collapse">
                    <b>java.lang.AssertionError: The following asserts failed:<br/>
	Verifying View Lesson from notes functionality Actual Result :&nbsp; Expected Result : ,XII,Sociology: Indian Society,Introducing Indian Society expected [true] but found [false]</b>
                </a>
                <br/>
                <div class="stackTrace" id="exception-3">
                        org.testng.asserts.SoftAssert.assertAll(SoftAssert.java:43)<br/>
                        com.ExtramarksWebsite_TestCases.StudentNotesTest.viewLesson(StudentNotesTest.java:385)<br/>
                        sun.reflect.NativeMethodAccessorImpl.invoke0(Native Method)<br/>
                        sun.reflect.NativeMethodAccessorImpl.invoke(NativeMethodAccessorImpl.java:62)<br/>
                        sun.reflect.DelegatingMethodAccessorImpl.invoke(DelegatingMethodAccessorImpl.java:43)<br/>
                        java.lang.reflect.Method.invoke(Method.java:498)<br/>
                        org.testng.internal.MethodInvocationHelper.invokeMethod(MethodInvocationHelper.java:108)<br/>
                        org.testng.internal.Invoker.invokeMethod(Invoker.java:661)<br/>
                        org.testng.internal.Invoker.invokeTestMethod(Invoker.java:869)<br/>
                        org.testng.internal.Invoker.invokeTestMethods(Invoker.java:1193)<br/>
                        org.testng.internal.TestMethodWorker.invokeTestMethods(TestMethodWorker.java:126)<br/>
                        org.testng.internal.TestMethodWorker.run(TestMethodWorker.java:109)<br/>
                        java.util.concurrent.ThreadPoolExecutor.runWorker(ThreadPoolExecutor.java:1149)<br/>
                        java.util.concurrent.ThreadPoolExecutor$Worker.run(ThreadPoolExecutor.java:624)<br/>
                        java.lang.Thread.run(Thread.java:748)<br/>
                </div>
        </td>
    </tr>
    </table>


    <table class="resultsTable" width="100%">
        <tr>
            <th colspan="3" class="header passed">Passed Tests</th>
        </tr>
            <tr>
                <td class="group" colspan="3">com.ExtramarksWebsite_TestCases.StudentNotesTest</td>
            </tr>
    <tr>
        <td class="method">
                deleteNotes
        </td>
        <td class="duration">
            353.201s
        </td>
        <td class="result">
            <!-- Display the dependencies for skipped test methods -->

                <i>Method arguments: </i>
                <span class="arguments">
                    {Description=Test, Class=V, Subject=Science, ShareType=Mentors, Username=9999999910, EditChapter=Our Environment, Runmode=Y, Password2=123456, Board=ICSE, Username2=9999999913, Title=Test, Password=123456, EditSubject=Science, ExpectedResult=Success, Chapter=Family, Browser=Chrome}
                </span>
                <br/>

            <!-- Show logger output for the test -->
                <div class="testOutput">
                            Opening Browser<br/>
                            Browser name : chrome and version: 78.0.3904.108<br/>
                            Entering UserName -&gt;9999999910<br/>
                            Entering Password -&gt;123456<br/>
                            Login successful<br/>
                            No Notes found to delete<br/>
                            Verifying delete notes functionality Actual Result : DeleteNotes_PASS Expected Result : DeleteNotes_PASS<br/>
                </div>

        </td>
    </tr>
    <tr>
        <td class="method">
                shareNotes
        </td>
        <td class="duration">
            387.045s
        </td>
        <td class="result">
            <!-- Display the dependencies for skipped test methods -->

                <i>Method arguments: </i>
                <span class="arguments">
                    {Description=Test, Class=V, Subject=Science, ShareType=Mentors, Username=9999999910, EditChapter=Our Environment, Runmode=Y, Password2=123456, Board=ICSE, Username2=9999999913, Title=Test, Password=123456, EditSubject=Science, ExpectedResult=Success, Chapter=Family, Browser=Chrome}
                </span>
                <br/>

            <!-- Show logger output for the test -->
                <div class="testOutput">
                            Opening Browser<br/>
                            Browser name : chrome and version: 78.0.3904.108<br/>
                            Entering UserName -&gt;9999999910<br/>
                            Entering Password -&gt;123456<br/>
                            Your last session was not logged out properly<br/>
                            Login successful<br/>
                </div>

        </td>
    </tr>
    </table>

<script type="text/javascript" src="reportng.js"></script>
</body>
