<!doctype html>
<html lang="">
<head>
    <meta charset="UTF-8">
    <meta name="viewport"
          content="width=device-width, user-scalable=no, initial-scale=1.0, maximum-scale=1.0, minimum-scale=1.0">
    <meta http-equiv="X-UA-Compatible" content="ie=edge">
    <title>Test Results Report - ParentDashboardTest</title>

    <link href="reportng.css" rel="stylesheet" type="text/css"/>
</head>
<body>
<div id="meta">
Generated by <a href="http://www.testng.org" target="_blank">TestNG</a> with <a href="https://github.com/testng-team/reportng" target="_blank">ReportNG</a>
at 19:02 IST on Friday 14 February 2020
    <br/><span
    id="systemInfo">E8837@E4795_Tech&nbsp;/&nbsp;Java 1.8.0_151 (Oracle Corporation)&nbsp;/&nbsp;Windows 10 10.0 (amd64)</span>
</div>
<h1>ParentDashboardTest</h1>

<p>
    <a href="index.html">Suites</a>
        &#183; <a href="output.html">Log Output</a>
</p>

<p>Test duration
    : 150.247s</p>


    <table class="resultsTable">
        <tr>
            <th colspan="3" class="header failed">Failed Tests</th>
        </tr>
            <tr>
                <td class="group" colspan="3">com.ExtramarksWebsite_TestCases.ParentDashboardTest</td>
            </tr>
    <tr>
        <td class="method">
                mentorDashboardMenu
        </td>
        <td class="duration">
            10.516s
        </td>
        <td class="result">
            <!-- Display the dependencies for skipped test methods -->

                <i>Method arguments: </i>
                <span class="arguments">
                    {Browser=Chrome, Chapter=Family, Password=123456, Username=9999999911, Title=Test, Parent=Dashboard,Study,My Child,Subscription, ChildUserId=TestUser100, Subject=Science, Runmode=Y, Mentor=Dashboard,Study,Schedule,Student,Assessment,NCERT Solutions, ChildEmail=testuser100@gmail.com, ChildName=Ravi, Board=ICSE, ExpectedResult=Success, Class=V, Student=Dashboard,Study,Schedule,Notes,Mentor,Assessment,Report,My Parent,NCERT Solutions, SchoolName=LMS, Description=Test}
                </span>
                <br/>

            <!-- Show logger output for the test -->
                <div class="testOutput">
                            Opening Browser<br/>
                            Browser name : chrome and version: 78.0.3904.108<br/>
                </div>

        </td>
    </tr>
    <tr>
        <td class="method">
                parentDashboardAddChild
        </td>
        <td class="duration">
            41.173s
        </td>
        <td class="result">
            <!-- Display the dependencies for skipped test methods -->

                <i>Method arguments: </i>
                <span class="arguments">
                    {Browser=Chrome, Chapter=Family, Password=123456, Username=9999999911, Title=Test, Parent=Dashboard,Study,My Child,Subscription, ChildUserId=TestUser100, Subject=Science, Runmode=Y, Mentor=Dashboard,Study,Schedule,Student,Assessment,NCERT Solutions, ChildEmail=testuser100@gmail.com, ChildName=Ravi, Board=ICSE, ExpectedResult=Success, Class=V, Student=Dashboard,Study,Schedule,Notes,Mentor,Assessment,Report,My Parent,NCERT Solutions, SchoolName=LMS, Description=Test}
                </span>
                <br/>

            <!-- Show logger output for the test -->
                <div class="testOutput">
                            Opening Browser<br/>
                            Browser name : chrome and version: 78.0.3904.108<br/>
                            Entering UserName -&gt;9999999911<br/>
                            Entering Password -&gt;123456<br/>
                            Login Failed<br/>
                </div>

                <a href="javascript:toggleElement('exception-1', 'block')"
                   title="Click to expand/collapse">
                    <b>org.openqa.selenium.UnhandledAlertException: unexpected alert open: {Alert text : Your last session was not logged out properly. With this login we are destroying all your previous login.}<br/>
&nbsp; (Session info: chrome=78.0.3904.108)<br/>
&nbsp; (Driver info: chromedriver=78.0.3904.70 (edb9c9f3de0247fd912a77b7f6cae7447f6d3ad5-refs/branch-heads/3904@{#800}),platform=Windows NT 10.0.16299 x86_64) (WARNING: The server did not provide any stacktrace information)<br/>
Command duration or timeout: 2 milliseconds: null<br/>
Build info: version: &apos;2.53.0&apos;, revision: &apos;35ae25b1534ae328c771e0856c93e187490ca824&apos;, time: &apos;2016-03-15 10:43:46&apos;<br/>
System info: host: &apos;E4795_Tech&apos;, ip: &apos;10.1.17.50&apos;, os.name: &apos;Windows 10&apos;, os.arch: &apos;amd64&apos;, os.version: &apos;10.0&apos;, java.version: &apos;1.8.0_151&apos;<br/>
Driver info: org.openqa.selenium.chrome.ChromeDriver<br/>
Capabilities [{mobileEmulationEnabled=false, timeouts={implicit=0, pageLoad=300000, script=30000}, hasTouchScreen=false, platform=XP, acceptSslCerts=false, goog:chromeOptions={debuggerAddress=localhost:58439}, acceptInsecureCerts=false, webStorageEnabled=true, browserName=chrome, takesScreenshot=true, javascriptEnabled=true, setWindowRect=true, unexpectedAlertBehaviour=ignore, applicationCacheEnabled=false, rotatable=false, networkConnectionEnabled=false, chrome={chromedriverVersion=78.0.3904.70 (edb9c9f3de0247fd912a77b7f6cae7447f6d3ad5-refs/branch-heads/3904@{#800}), userDataDir=C:\Users\E8837\AppData\Local\Temp\scoped_dir3668_2101730274}, takesHeapSnapshot=true, pageLoadStrategy=normal, strictFileInteractability=false, databaseEnabled=false, handlesAlerts=true, version=78.0.3904.108, browserConnectionEnabled=false, proxy={}, nativeEvents=true, locationContextEnabled=true, cssSelectorsEnabled=true}]<br/>
Session ID: 6e52dedef6cdb2bcfb8bbd7c79783928<br/>
*** Element info: {Using=xpath, value=//li[@class=&apos;active &apos;]//a[contains(text(),&apos;Parent&apos;)]}</b>
                </a>
                <br/>
                <div class="stackTrace" id="exception-1">
                        sun.reflect.NativeConstructorAccessorImpl.newInstance0(Native Method)<br/>
                        sun.reflect.NativeConstructorAccessorImpl.newInstance(NativeConstructorAccessorImpl.java:62)<br/>
                        sun.reflect.DelegatingConstructorAccessorImpl.newInstance(DelegatingConstructorAccessorImpl.java:45)<br/>
                        java.lang.reflect.Constructor.newInstance(Constructor.java:423)<br/>
                        org.openqa.selenium.remote.ErrorHandler.createThrowable(ErrorHandler.java:206)<br/>
                        org.openqa.selenium.remote.ErrorHandler.throwIfResponseFailed(ErrorHandler.java:164)<br/>
                        org.openqa.selenium.remote.RemoteWebDriver.execute(RemoteWebDriver.java:678)<br/>
                        org.openqa.selenium.remote.RemoteWebDriver.findElements(RemoteWebDriver.java:388)<br/>
                        org.openqa.selenium.remote.RemoteWebDriver.findElementsByXPath(RemoteWebDriver.java:504)<br/>
                        org.openqa.selenium.By$ByXPath.findElements(By.java:356)<br/>
                        org.openqa.selenium.remote.RemoteWebDriver.findElements(RemoteWebDriver.java:351)<br/>
                        org.openqa.selenium.support.pagefactory.DefaultElementLocator.findElements(DefaultElementLocator.java:85)<br/>
                        org.openqa.selenium.support.pagefactory.internal.LocatingElementListHandler.invoke(LocatingElementListHandler.java:36)<br/>
                        com.sun.proxy.$Proxy29.size(Unknown Source)<br/>
                        com.ExtramarksWebsite_Pages.DashBoardPage.ParentTab(DashBoardPage.java:197)<br/>
                        com.ExtramarksWebsite_TestCases.ParentDashboardTest.parentDashboardAddChild(ParentDashboardTest.java:171)<br/>
                        sun.reflect.NativeMethodAccessorImpl.invoke0(Native Method)<br/>
                        sun.reflect.NativeMethodAccessorImpl.invoke(NativeMethodAccessorImpl.java:62)<br/>
                        sun.reflect.DelegatingMethodAccessorImpl.invoke(DelegatingMethodAccessorImpl.java:43)<br/>
                        java.lang.reflect.Method.invoke(Method.java:498)<br/>
                        org.testng.internal.MethodInvocationHelper.invokeMethod(MethodInvocationHelper.java:108)<br/>
                        org.testng.internal.Invoker.invokeMethod(Invoker.java:661)<br/>
                        org.testng.internal.Invoker.invokeTestMethod(Invoker.java:869)<br/>
                        org.testng.internal.Invoker.invokeTestMethods(Invoker.java:1193)<br/>
                        org.testng.internal.TestMethodWorker.invokeTestMethods(TestMethodWorker.java:126)<br/>
                        org.testng.internal.TestMethodWorker.run(TestMethodWorker.java:109)<br/>
                        java.util.concurrent.ThreadPoolExecutor.runWorker(ThreadPoolExecutor.java:1149)<br/>
                        java.util.concurrent.ThreadPoolExecutor$Worker.run(ThreadPoolExecutor.java:624)<br/>
                        java.lang.Thread.run(Thread.java:748)<br/>
                </div>
        </td>
    </tr>
    <tr>
        <td class="method">
                parentDashboardViewActivity
        </td>
        <td class="duration">
            79.063s
        </td>
        <td class="result">
            <!-- Display the dependencies for skipped test methods -->

                <i>Method arguments: </i>
                <span class="arguments">
                    {Browser=Chrome, Chapter=Family, Password=123456, Username=9999999911, Title=Test, Parent=Dashboard,Study,My Child,Subscription, ChildUserId=TestUser100, Subject=Science, Runmode=Y, Mentor=Dashboard,Study,Schedule,Student,Assessment,NCERT Solutions, ChildEmail=testuser100@gmail.com, ChildName=Ravi, Board=ICSE, ExpectedResult=Success, Class=V, Student=Dashboard,Study,Schedule,Notes,Mentor,Assessment,Report,My Parent,NCERT Solutions, SchoolName=LMS, Description=Test}
                </span>
                <br/>

            <!-- Show logger output for the test -->
                <div class="testOutput">
                            Opening Browser<br/>
                            Browser name : chrome and version: 78.0.3904.108<br/>
                            Entering UserName -&gt;9999999911<br/>
                            Entering Password -&gt;123456<br/>
                </div>

                <a href="javascript:toggleElement('exception-2', 'block')"
                   title="Click to expand/collapse">
                    <b>org.openqa.selenium.remote.SessionNotFoundException: Session ID is null. Using WebDriver after calling quit()?<br/>
Build info: version: &apos;2.53.0&apos;, revision: &apos;35ae25b1534ae328c771e0856c93e187490ca824&apos;, time: &apos;2016-03-15 10:43:46&apos;<br/>
System info: host: &apos;E4795_Tech&apos;, ip: &apos;10.1.17.50&apos;, os.name: &apos;Windows 10&apos;, os.arch: &apos;amd64&apos;, os.version: &apos;10.0&apos;, java.version: &apos;1.8.0_151&apos;<br/>
Driver info: driver.version: RemoteWebDriver</b>
                </a>
                <br/>
                <div class="stackTrace" id="exception-2">
                        org.openqa.selenium.remote.HttpCommandExecutor.execute(HttpCommandExecutor.java:134)<br/>
                        org.openqa.selenium.remote.service.DriverCommandExecutor.execute(DriverCommandExecutor.java:82)<br/>
                        org.openqa.selenium.remote.RemoteWebDriver.execute(RemoteWebDriver.java:644)<br/>
                        org.openqa.selenium.remote.RemoteWebDriver.execute(RemoteWebDriver.java:701)<br/>
                        org.openqa.selenium.remote.RemoteWebDriver.getTitle(RemoteWebDriver.java:320)<br/>
                        com.ExtramarksWebsite_Pages.LoginPage.doLogin(LoginPage.java:77)<br/>
                        com.ExtramarksWebsite_TestCases.BaseTest.defaultLogin(BaseTest.java:147)<br/>
                        com.ExtramarksWebsite_TestCases.ParentDashboardTest.parentDashboardViewActivity(ParentDashboardTest.java:207)<br/>
                        sun.reflect.NativeMethodAccessorImpl.invoke0(Native Method)<br/>
                        sun.reflect.NativeMethodAccessorImpl.invoke(NativeMethodAccessorImpl.java:62)<br/>
                        sun.reflect.DelegatingMethodAccessorImpl.invoke(DelegatingMethodAccessorImpl.java:43)<br/>
                        java.lang.reflect.Method.invoke(Method.java:498)<br/>
                        org.testng.internal.MethodInvocationHelper.invokeMethod(MethodInvocationHelper.java:108)<br/>
                        org.testng.internal.Invoker.invokeMethod(Invoker.java:661)<br/>
                        org.testng.internal.Invoker.invokeTestMethod(Invoker.java:869)<br/>
                        org.testng.internal.Invoker.invokeTestMethods(Invoker.java:1193)<br/>
                        org.testng.internal.TestMethodWorker.invokeTestMethods(TestMethodWorker.java:126)<br/>
                        org.testng.internal.TestMethodWorker.run(TestMethodWorker.java:109)<br/>
                        java.util.concurrent.ThreadPoolExecutor.runWorker(ThreadPoolExecutor.java:1149)<br/>
                        java.util.concurrent.ThreadPoolExecutor$Worker.run(ThreadPoolExecutor.java:624)<br/>
                        java.lang.Thread.run(Thread.java:748)<br/>
                </div>
        </td>
    </tr>
    </table>



<script type="text/javascript" src="reportng.js"></script>
</body>
