<html>
<head>
<title>TestNG:  SettingTest</title>
<link href="../testng.css" rel="stylesheet" type="text/css" />
<link href="../my-testng.css" rel="stylesheet" type="text/css" />

<style type="text/css">
.log { display: none;} 
.stack-trace { display: none;} 
</style>
<script type="text/javascript">
<!--
function flip(e) {
  current = e.style.display;
  if (current == 'block') {
    e.style.display = 'none';
    return 0;
  }
  else {
    e.style.display = 'block';
    return 1;
  }
}

function toggleBox(szDivId, elem, msg1, msg2)
{
  var res = -1;  if (document.getElementById) {
    res = flip(document.getElementById(szDivId));
  }
  else if (document.all) {
    // this is the way old msie versions work
    res = flip(document.all[szDivId]);
  }
  if(elem) {
    if(res == 0) elem.innerHTML = msg1; else elem.innerHTML = msg2;
  }

}

function toggleAllBoxes() {
  if (document.getElementsByTagName) {
    d = document.getElementsByTagName('div');
    for (i = 0; i < d.length; i++) {
      if (d[i].className == 'log') {
        flip(d[i]);
      }
    }
  }
}

// -->
</script>

</head>
<body>
<h2 align='center'>SettingTest</h2><table border='1' align="center">
<tr>
<td>Tests passed/Failed/Skipped:</td><td>2/2/0</td>
</tr><tr>
<td>Started on:</td><td>Fri Feb 14 20:56:03 IST 2020</td>
</tr>
<tr><td>Total time:</td><td>371 seconds (371307 ms)</td>
</tr><tr>
<td>Included groups:</td><td></td>
</tr><tr>
<td>Excluded groups:</td><td></td>
</tr>
</table><p/>
<small><i>(Hover the method name to see the test class name)</i></small><p/>
<table width='100%' border='1' class='invocation-failed'>
<tr><td colspan='4' align='center'><b>FAILED TESTS</b></td></tr>
<tr><td><b>Test method</b></td>
<td width="30%"><b>Exception</b></td>
<td width="10%"><b>Time (seconds)</b></td>
<td><b>Instance</b></td>
</tr>
<tr>
<td title='com.ExtramarksWebsite_TestCases.SettingTest.changePAssword()'><b>changePAssword</b><br>Test class: com.ExtramarksWebsite_TestCases.SettingTest<br>Parameters: {ConfirmPassword=123456, NewPassword=123456, Username=8800132115, CurrentPassword=123456, Runmode=Y, Address=D-180,Noida, Password=123456, EditProfile=X12345, ExpectedResult=pass, Browser=Chrome, PostalCode=201301, VoucherCode=A123}<br/>
<a href="#Output-1534336991" onClick='toggleBox("Output-1534336991", this, "Show output", "Hide output");'>Show output</a>

<a href="#Output-1534336991" onClick="toggleAllBoxes();">Show all outputs</a>
<div class='log' id="Output-1534336991">
Opening Browser<br/>
Browser name : chrome and version: 78.0.3904.108<br/>
Entering UserName ->8800132115<br/>
Entering Password ->123456<br/>
Login successful<br/>
</div>
</td>
<td><div><pre>java.lang.AssertionError: The following asserts failed:
	ChangePassword Fail
	at com.ExtramarksWebsite_TestCases.SettingTest.changePAssword(SettingTest.java:149)
	at java.util.concurrent.ThreadPoolExecutor.runWorker(ThreadPoolExecutor.java:1149)
	at java.util.concurrent.ThreadPoolExecutor$Worker.run(ThreadPoolExecutor.java:624)
	at java.lang.Thread.run(Thread.java:748)
... Removed 11 stack frames</pre></div><a href='#' onClick='toggleBox("stack-trace1534336991", this, "Click to show all stack frames", "Click to hide stack frames")'>Click to show all stack frames</a>
<div class='stack-trace' id='stack-trace1534336991'><pre>java.lang.AssertionError: The following asserts failed:
	ChangePassword Fail
	at org.testng.asserts.SoftAssert.assertAll(SoftAssert.java:43)
	at com.ExtramarksWebsite_TestCases.SettingTest.changePAssword(SettingTest.java:149)
	at sun.reflect.NativeMethodAccessorImpl.invoke0(Native Method)
	at sun.reflect.NativeMethodAccessorImpl.invoke(NativeMethodAccessorImpl.java:62)
	at sun.reflect.DelegatingMethodAccessorImpl.invoke(DelegatingMethodAccessorImpl.java:43)
	at java.lang.reflect.Method.invoke(Method.java:498)
	at org.testng.internal.MethodInvocationHelper.invokeMethod(MethodInvocationHelper.java:108)
	at org.testng.internal.Invoker.invokeMethod(Invoker.java:661)
	at org.testng.internal.Invoker.invokeTestMethod(Invoker.java:869)
	at org.testng.internal.Invoker.invokeTestMethods(Invoker.java:1193)
	at org.testng.internal.TestMethodWorker.invokeTestMethods(TestMethodWorker.java:126)
	at org.testng.internal.TestMethodWorker.run(TestMethodWorker.java:109)
	at java.util.concurrent.ThreadPoolExecutor.runWorker(ThreadPoolExecutor.java:1149)
	at java.util.concurrent.ThreadPoolExecutor$Worker.run(ThreadPoolExecutor.java:624)
	at java.lang.Thread.run(Thread.java:748)
</pre></div></td>
<td>97</td>
<td>com.ExtramarksWebsite_TestCases.SettingTest@16da476c</td></tr>
<tr>
<td title='com.ExtramarksWebsite_TestCases.SettingTest.settingSubscription()'><b>settingSubscription</b><br>Test class: com.ExtramarksWebsite_TestCases.SettingTest<br>Parameters: {ConfirmPassword=123456, NewPassword=123456, Username=8800132115, CurrentPassword=123456, Runmode=Y, Address=D-180,Noida, Password=123456, EditProfile=X12345, ExpectedResult=pass, Browser=Chrome, PostalCode=201301, VoucherCode=A123}<br/>
<a href="#Output-253405065" onClick='toggleBox("Output-253405065", this, "Show output", "Hide output");'>Show output</a>

<a href="#Output-253405065" onClick="toggleAllBoxes();">Show all outputs</a>
<div class='log' id="Output-253405065">
Opening Browser<br/>
Browser name : chrome and version: 78.0.3904.108<br/>
Entering UserName ->8800132115<br/>
Entering Password ->123456<br/>
Login successful<br/>
</div>
</td>
<td><div><pre>org.openqa.selenium.ElementNotVisibleException: element not interactable
  (Session info: chrome=78.0.3904.108)
  (Driver info: chromedriver=78.0.3904.70 (edb9c9f3de0247fd912a77b7f6cae7447f6d3ad5-refs/branch-heads/3904@{#800}),platform=Windows NT 10.0.16299 x86_64) (WARNING: The server did not provide any stacktrace information)
Command duration or timeout: 30.02 seconds
Build info: version: &apos;2.53.0&apos;, revision: &apos;35ae25b1534ae328c771e0856c93e187490ca824&apos;, time: &apos;2016-03-15 10:43:46&apos;
System info: host: &apos;E4795_Tech&apos;, ip: &apos;10.1.17.50&apos;, os.name: &apos;Windows 10&apos;, os.arch: &apos;amd64&apos;, os.version: &apos;10.0&apos;, java.version: &apos;1.8.0_151&apos;
Driver info: org.openqa.selenium.chrome.ChromeDriver
Capabilities [{mobileEmulationEnabled=false, timeouts={implicit=0, pageLoad=300000, script=30000}, hasTouchScreen=false, platform=XP, acceptSslCerts=false, goog:chromeOptions={debuggerAddress=localhost:59696}, acceptInsecureCerts=false, webStorageEnabled=true, browserName=chrome, takesScreenshot=true, javascriptEnabled=true, setWindowRect=true, unexpectedAlertBehaviour=ignore, applicationCacheEnabled=false, rotatable=false, networkConnectionEnabled=false, chrome={chromedriverVersion=78.0.3904.70 (edb9c9f3de0247fd912a77b7f6cae7447f6d3ad5-refs/branch-heads/3904@{#800}), userDataDir=C:\Users\E8837\AppData\Local\Temp\scoped_dir3280_281959238}, takesHeapSnapshot=true, pageLoadStrategy=normal, strictFileInteractability=false, databaseEnabled=false, handlesAlerts=true, version=78.0.3904.108, browserConnectionEnabled=false, proxy={}, nativeEvents=true, locationContextEnabled=true, cssSelectorsEnabled=true}]
Session ID: bcb4e66c5f80602e7c9e2cf2d2d414e9
	at org.openqa.selenium.remote.ErrorHandler.createThrowable(ErrorHandler.java:206)
	at org.openqa.selenium.remote.ErrorHandler.throwIfResponseFailed(ErrorHandler.java:158)
	at org.openqa.selenium.remote.RemoteWebDriver.execute(RemoteWebDriver.java:678)
	at org.openqa.selenium.remote.RemoteWebElement.execute(RemoteWebElement.java:327)
	at org.openqa.selenium.remote.RemoteWebElement.click(RemoteWebElement.java:85)
	at org.openqa.selenium.support.pagefactory.internal.LocatingElementHandler.invoke(LocatingElementHandler.java:51)
	at com.sun.proxy.$Proxy28.click(Unknown Source)
	at com.ExtramarksWebsite_Pages.BasePage.click(BasePage.java:145)
	at com.ExtramarksWebsite_Pages.DashBoardPage.openSubscription(DashBoardPage.java:377)
	at com.ExtramarksWebsite_TestCases.SettingTest.settingSubscription(SettingTest.java:191)
	at java.util.concurrent.ThreadPoolExecutor.runWorker(ThreadPoolExecutor.java:1149)
	at java.util.concurrent.ThreadPoolExecutor$Worker.run(ThreadPoolExecutor.java:624)
	at java.lang.Thread.run(Thread.java:748)
... Removed 17 stack frames</pre></div><a href='#' onClick='toggleBox("stack-trace253405065", this, "Click to show all stack frames", "Click to hide stack frames")'>Click to show all stack frames</a>
<div class='stack-trace' id='stack-trace253405065'><pre>org.openqa.selenium.ElementNotVisibleException: element not interactable
  (Session info: chrome=78.0.3904.108)
  (Driver info: chromedriver=78.0.3904.70 (edb9c9f3de0247fd912a77b7f6cae7447f6d3ad5-refs/branch-heads/3904@{#800}),platform=Windows NT 10.0.16299 x86_64) (WARNING: The server did not provide any stacktrace information)
Command duration or timeout: 30.02 seconds
Build info: version: &apos;2.53.0&apos;, revision: &apos;35ae25b1534ae328c771e0856c93e187490ca824&apos;, time: &apos;2016-03-15 10:43:46&apos;
System info: host: &apos;E4795_Tech&apos;, ip: &apos;10.1.17.50&apos;, os.name: &apos;Windows 10&apos;, os.arch: &apos;amd64&apos;, os.version: &apos;10.0&apos;, java.version: &apos;1.8.0_151&apos;
Driver info: org.openqa.selenium.chrome.ChromeDriver
Capabilities [{mobileEmulationEnabled=false, timeouts={implicit=0, pageLoad=300000, script=30000}, hasTouchScreen=false, platform=XP, acceptSslCerts=false, goog:chromeOptions={debuggerAddress=localhost:59696}, acceptInsecureCerts=false, webStorageEnabled=true, browserName=chrome, takesScreenshot=true, javascriptEnabled=true, setWindowRect=true, unexpectedAlertBehaviour=ignore, applicationCacheEnabled=false, rotatable=false, networkConnectionEnabled=false, chrome={chromedriverVersion=78.0.3904.70 (edb9c9f3de0247fd912a77b7f6cae7447f6d3ad5-refs/branch-heads/3904@{#800}), userDataDir=C:\Users\E8837\AppData\Local\Temp\scoped_dir3280_281959238}, takesHeapSnapshot=true, pageLoadStrategy=normal, strictFileInteractability=false, databaseEnabled=false, handlesAlerts=true, version=78.0.3904.108, browserConnectionEnabled=false, proxy={}, nativeEvents=true, locationContextEnabled=true, cssSelectorsEnabled=true}]
Session ID: bcb4e66c5f80602e7c9e2cf2d2d414e9
	at sun.reflect.NativeConstructorAccessorImpl.newInstance0(Native Method)
	at sun.reflect.NativeConstructorAccessorImpl.newInstance(NativeConstructorAccessorImpl.java:62)
	at sun.reflect.DelegatingConstructorAccessorImpl.newInstance(DelegatingConstructorAccessorImpl.java:45)
	at java.lang.reflect.Constructor.newInstance(Constructor.java:423)
	at org.openqa.selenium.remote.ErrorHandler.createThrowable(ErrorHandler.java:206)
	at org.openqa.selenium.remote.ErrorHandler.throwIfResponseFailed(ErrorHandler.java:158)
	at org.openqa.selenium.remote.RemoteWebDriver.execute(RemoteWebDriver.java:678)
	at org.openqa.selenium.remote.RemoteWebElement.execute(RemoteWebElement.java:327)
	at org.openqa.selenium.remote.RemoteWebElement.click(RemoteWebElement.java:85)
	at sun.reflect.GeneratedMethodAccessor40.invoke(Unknown Source)
	at sun.reflect.DelegatingMethodAccessorImpl.invoke(DelegatingMethodAccessorImpl.java:43)
	at java.lang.reflect.Method.invoke(Method.java:498)
	at org.openqa.selenium.support.pagefactory.internal.LocatingElementHandler.invoke(LocatingElementHandler.java:51)
	at com.sun.proxy.$Proxy28.click(Unknown Source)
	at com.ExtramarksWebsite_Pages.BasePage.click(BasePage.java:145)
	at com.ExtramarksWebsite_Pages.DashBoardPage.openSubscription(DashBoardPage.java:377)
	at com.ExtramarksWebsite_TestCases.SettingTest.settingSubscription(SettingTest.java:191)
	at sun.reflect.NativeMethodAccessorImpl.invoke0(Native Method)
	at sun.reflect.NativeMethodAccessorImpl.invoke(NativeMethodAccessorImpl.java:62)
	at sun.reflect.DelegatingMethodAccessorImpl.invoke(DelegatingMethodAccessorImpl.java:43)
	at java.lang.reflect.Method.invoke(Method.java:498)
	at org.testng.internal.MethodInvocationHelper.invokeMethod(MethodInvocationHelper.java:108)
	at org.testng.internal.Invoker.invokeMethod(Invoker.java:661)
	at org.testng.internal.Invoker.invokeTestMethod(Invoker.java:869)
	at org.testng.internal.Invoker.invokeTestMethods(Invoker.java:1193)
	at org.testng.internal.TestMethodWorker.invokeTestMethods(TestMethodWorker.java:126)
	at org.testng.internal.TestMethodWorker.run(TestMethodWorker.java:109)
	at java.util.concurrent.ThreadPoolExecutor.runWorker(ThreadPoolExecutor.java:1149)
	at java.util.concurrent.ThreadPoolExecutor$Worker.run(ThreadPoolExecutor.java:624)
	at java.lang.Thread.run(Thread.java:748)
</pre></div></td>
<td>131</td>
<td>com.ExtramarksWebsite_TestCases.SettingTest@16da476c</td></tr>
</table><p>
<table width='100%' border='1' class='invocation-passed'>
<tr><td colspan='4' align='center'><b>PASSED TESTS</b></td></tr>
<tr><td><b>Test method</b></td>
<td width="30%"><b>Exception</b></td>
<td width="10%"><b>Time (seconds)</b></td>
<td><b>Instance</b></td>
</tr>
<tr>
<td title='com.ExtramarksWebsite_TestCases.SettingTest.editProfile()'><b>editProfile</b><br>Test class: com.ExtramarksWebsite_TestCases.SettingTest<br>Parameters: {ConfirmPassword=123456, NewPassword=123456, Username=8800132115, CurrentPassword=123456, Runmode=Y, Address=D-180,Noida, Password=123456, EditProfile=X12345, ExpectedResult=pass, Browser=Chrome, PostalCode=201301, VoucherCode=A123}<br/>
<a href="#Output-1943204529" onClick='toggleBox("Output-1943204529", this, "Show output", "Hide output");'>Show output</a>

<a href="#Output-1943204529" onClick="toggleAllBoxes();">Show all outputs</a>
<div class='log' id="Output-1943204529">
Opening Browser<br/>
Browser name : chrome and version: 78.0.3904.108<br/>
Entering UserName ->8800132115<br/>
Entering Password ->123456<br/>
Login successful<br/>
</div>
</td>
<td></td>
<td>97</td>
<td>com.ExtramarksWebsite_TestCases.SettingTest@16da476c</td></tr>
<tr>
<td title='com.ExtramarksWebsite_TestCases.SettingTest.redeemVoucher()'><b>redeemVoucher</b><br>Test class: com.ExtramarksWebsite_TestCases.SettingTest<br>Parameters: {ConfirmPassword=123456, NewPassword=123456, Username=8800132115, CurrentPassword=123456, Runmode=Y, Address=D-180,Noida, Password=123456, EditProfile=X12345, ExpectedResult=pass, Browser=Chrome, PostalCode=201301, VoucherCode=A123}<br/>
<a href="#Output-355770751" onClick='toggleBox("Output-355770751", this, "Show output", "Hide output");'>Show output</a>

<a href="#Output-355770751" onClick="toggleAllBoxes();">Show all outputs</a>
<div class='log' id="Output-355770751">
Opening Browser<br/>
Browser name : chrome and version: 78.0.3904.108<br/>
Entering UserName ->8800132115<br/>
Entering Password ->123456<br/>
Your last session was not logged out properly<br/>
Login successful<br/>
</div>
</td>
<td></td>
<td>29</td>
<td>com.ExtramarksWebsite_TestCases.SettingTest@16da476c</td></tr>
</table><p>
</body>
</html>