<html>
<head>
<title>TestNG:  SignUpTest</title>
<link href="../testng.css" rel="stylesheet" type="text/css" />
<link href="../my-testng.css" rel="stylesheet" type="text/css" />

<style type="text/css">
.log { display: none;} 
.stack-trace { display: none;} 
</style>
<script type="text/javascript">
<!--
function flip(e) {
  current = e.style.display;
  if (current == 'block') {
    e.style.display = 'none';
    return 0;
  }
  else {
    e.style.display = 'block';
    return 1;
  }
}

function toggleBox(szDivId, elem, msg1, msg2)
{
  var res = -1;  if (document.getElementById) {
    res = flip(document.getElementById(szDivId));
  }
  else if (document.all) {
    // this is the way old msie versions work
    res = flip(document.all[szDivId]);
  }
  if(elem) {
    if(res == 0) elem.innerHTML = msg1; else elem.innerHTML = msg2;
  }

}

function toggleAllBoxes() {
  if (document.getElementsByTagName) {
    d = document.getElementsByTagName('div');
    for (i = 0; i < d.length; i++) {
      if (d[i].className == 'log') {
        flip(d[i]);
      }
    }
  }
}

// -->
</script>

</head>
<body>
<h2 align='center'>SignUpTest</h2><table border='1' align="center">
<tr>
<td>Tests passed/Failed/Skipped:</td><td>0/1/0</td>
</tr><tr>
<td>Started on:</td><td>Sat Feb 15 12:56:49 IST 2020</td>
</tr>
<tr><td>Total time:</td><td>204 seconds (204420 ms)</td>
</tr><tr>
<td>Included groups:</td><td></td>
</tr><tr>
<td>Excluded groups:</td><td></td>
</tr>
</table><p/>
<small><i>(Hover the method name to see the test class name)</i></small><p/>
<table width='100%' border='1' class='invocation-failed'>
<tr><td colspan='4' align='center'><b>FAILED TESTS</b></td></tr>
<tr><td><b>Test method</b></td>
<td width="30%"><b>Exception</b></td>
<td width="10%"><b>Time (seconds)</b></td>
<td><b>Instance</b></td>
</tr>
<tr>
<td title='com.ExtramarksWebsite_TestCases.SignUpTest.signUp()'><b>signUp</b><br>Test class: com.ExtramarksWebsite_TestCases.SignUpTest<br>Parameters: {UserType=Mentor, Runmode=Y, Mobile=9999999915, Name=TestUserIndia, OTP=, City=Noida, ExpectedResult=, Browser=Chrome, CountryCode=91}<br/>
<a href="#Output-1121043284" onClick='toggleBox("Output-1121043284", this, "Show output", "Hide output");'>Show output</a>

<a href="#Output-1121043284" onClick="toggleAllBoxes();">Show all outputs</a>
<div class='log' id="Output-1121043284">
SignUp test started<br/>
Opening Browser<br/>
Browser name : chrome and version: 78.0.3904.108<br/>
Browser Opened<br/>
</div>
</td>
<td><div><pre>java.lang.AssertionError: The following asserts failed:
	Verifying SignUp Test Functionality expected [Signup_Pass] but found []
	at com.ExtramarksWebsite_TestCases.SignUpTest.signUp(SignUpTest.java:314)
	at java.util.concurrent.ThreadPoolExecutor.runWorker(ThreadPoolExecutor.java:1149)
	at java.util.concurrent.ThreadPoolExecutor$Worker.run(ThreadPoolExecutor.java:624)
	at java.lang.Thread.run(Thread.java:748)
... Removed 11 stack frames</pre></div><a href='#' onClick='toggleBox("stack-trace1121043284", this, "Click to show all stack frames", "Click to hide stack frames")'>Click to show all stack frames</a>
<div class='stack-trace' id='stack-trace1121043284'><pre>java.lang.AssertionError: The following asserts failed:
	Verifying SignUp Test Functionality expected [Signup_Pass] but found []
	at org.testng.asserts.SoftAssert.assertAll(SoftAssert.java:43)
	at com.ExtramarksWebsite_TestCases.SignUpTest.signUp(SignUpTest.java:314)
	at sun.reflect.NativeMethodAccessorImpl.invoke0(Native Method)
	at sun.reflect.NativeMethodAccessorImpl.invoke(NativeMethodAccessorImpl.java:62)
	at sun.reflect.DelegatingMethodAccessorImpl.invoke(DelegatingMethodAccessorImpl.java:43)
	at java.lang.reflect.Method.invoke(Method.java:498)
	at org.testng.internal.MethodInvocationHelper.invokeMethod(MethodInvocationHelper.java:108)
	at org.testng.internal.Invoker.invokeMethod(Invoker.java:661)
	at org.testng.internal.Invoker.invokeTestMethod(Invoker.java:869)
	at org.testng.internal.Invoker.invokeTestMethods(Invoker.java:1193)
	at org.testng.internal.TestMethodWorker.invokeTestMethods(TestMethodWorker.java:126)
	at org.testng.internal.TestMethodWorker.run(TestMethodWorker.java:109)
	at java.util.concurrent.ThreadPoolExecutor.runWorker(ThreadPoolExecutor.java:1149)
	at java.util.concurrent.ThreadPoolExecutor$Worker.run(ThreadPoolExecutor.java:624)
	at java.lang.Thread.run(Thread.java:748)
</pre></div></td>
<td>21</td>
<td>com.ExtramarksWebsite_TestCases.SignUpTest@4e70a728</td></tr>
</table><p>
</body>
</html>