<?xml version="1.0" encoding="UTF-8"?>
<!-- Generated by org.testng.reporters.JUnitXMLReporter -->
<testsuite hostname="E4795_Tech" ignored="0" name="SignUpTest" tests="1" failures="1" timestamp="15 Feb 2020 07:30:13 GMT" time="204.42" errors="0">
  <testcase name="signUp" time="21.758" classname="com.ExtramarksWebsite_TestCases.SignUpTest">
    <failure type="java.lang.AssertionError" message="The following asserts failed:
	Verifying SignUp Test Functionality expected [Signup_Pass] but found []">
      <![CDATA[java.lang.AssertionError: The following asserts failed:
	Verifying SignUp Test Functionality expected [Signup_Pass] but found []
	at com.ExtramarksWebsite_TestCases.SignUpTest.signUp(SignUpTest.java:314)
	at java.util.concurrent.ThreadPoolExecutor.runWorker(ThreadPoolExecutor.java:1149)
	at java.util.concurrent.ThreadPoolExecutor$Worker.run(ThreadPoolExecutor.java:624)
	at java.lang.Thread.run(Thread.java:748)
... Removed 11 stack frames]]>
    </failure>
  </testcase> <!-- signUp -->
</testsuite> <!-- SignUpTest -->
