<html>
<head>
<title>TestNG:  StudentNotesTest</title>
<link href="../testng.css" rel="stylesheet" type="text/css" />
<link href="../my-testng.css" rel="stylesheet" type="text/css" />

<style type="text/css">
.log { display: none;} 
.stack-trace { display: none;} 
</style>
<script type="text/javascript">
<!--
function flip(e) {
  current = e.style.display;
  if (current == 'block') {
    e.style.display = 'none';
    return 0;
  }
  else {
    e.style.display = 'block';
    return 1;
  }
}

function toggleBox(szDivId, elem, msg1, msg2)
{
  var res = -1;  if (document.getElementById) {
    res = flip(document.getElementById(szDivId));
  }
  else if (document.all) {
    // this is the way old msie versions work
    res = flip(document.all[szDivId]);
  }
  if(elem) {
    if(res == 0) elem.innerHTML = msg1; else elem.innerHTML = msg2;
  }

}

function toggleAllBoxes() {
  if (document.getElementsByTagName) {
    d = document.getElementsByTagName('div');
    for (i = 0; i < d.length; i++) {
      if (d[i].className == 'log') {
        flip(d[i]);
      }
    }
  }
}

// -->
</script>

</head>
<body>
<h2 align='center'>StudentNotesTest</h2><table border='1' align="center">
<tr>
<td>Tests passed/Failed/Skipped:</td><td>2/4/0</td>
</tr><tr>
<td>Started on:</td><td>Fri Feb 14 19:45:53 IST 2020</td>
</tr>
<tr><td>Total time:</td><td>2485 seconds (2485157 ms)</td>
</tr><tr>
<td>Included groups:</td><td></td>
</tr><tr>
<td>Excluded groups:</td><td></td>
</tr>
</table><p/>
<small><i>(Hover the method name to see the test class name)</i></small><p/>
<table width='100%' border='1' class='invocation-failed'>
<tr><td colspan='4' align='center'><b>FAILED TESTS</b></td></tr>
<tr><td><b>Test method</b></td>
<td width="30%"><b>Exception</b></td>
<td width="10%"><b>Time (seconds)</b></td>
<td><b>Instance</b></td>
</tr>
<tr>
<td title='com.ExtramarksWebsite_TestCases.StudentNotesTest.addNotes()'><b>addNotes</b><br>Test class: com.ExtramarksWebsite_TestCases.StudentNotesTest<br>Parameters: {Description=Test, Class=V, Subject=Science, ShareType=Mentors, Username=9999999910, EditChapter=Our Environment, Runmode=Y, Password2=123456, Board=ICSE, Username2=9999999913, Title=Test, Password=123456, EditSubject=Science, ExpectedResult=Success, Chapter=Family, Browser=Chrome}<br/>
<a href="#Output-1137719735" onClick='toggleBox("Output-1137719735", this, "Show output", "Hide output");'>Show output</a>

<a href="#Output-1137719735" onClick="toggleAllBoxes();">Show all outputs</a>
<div class='log' id="Output-1137719735">
Opening Browser<br/>
Browser name : chrome and version: 78.0.3904.108<br/>
Entering UserName ->9999999910<br/>
Entering Password ->123456<br/>
Your last session was not logged out properly<br/>
Login successful<br/>
</div>
</td>
<td><div><pre>java.lang.AssertionError: The following asserts failed:
	Verifying add notes functionality expected [AddNotes_PASS] but found [AddNotes_Records_Not_Display_on_Grid_FAIL]
	at com.ExtramarksWebsite_TestCases.StudentNotesTest.addNotes(StudentNotesTest.java:136)
	at java.util.concurrent.ThreadPoolExecutor.runWorker(ThreadPoolExecutor.java:1149)
	at java.util.concurrent.ThreadPoolExecutor$Worker.run(ThreadPoolExecutor.java:624)
	at java.lang.Thread.run(Thread.java:748)
... Removed 11 stack frames</pre></div><a href='#' onClick='toggleBox("stack-trace1137719735", this, "Click to show all stack frames", "Click to hide stack frames")'>Click to show all stack frames</a>
<div class='stack-trace' id='stack-trace1137719735'><pre>java.lang.AssertionError: The following asserts failed:
	Verifying add notes functionality expected [AddNotes_PASS] but found [AddNotes_Records_Not_Display_on_Grid_FAIL]
	at org.testng.asserts.SoftAssert.assertAll(SoftAssert.java:43)
	at com.ExtramarksWebsite_TestCases.StudentNotesTest.addNotes(StudentNotesTest.java:136)
	at sun.reflect.NativeMethodAccessorImpl.invoke0(Native Method)
	at sun.reflect.NativeMethodAccessorImpl.invoke(NativeMethodAccessorImpl.java:62)
	at sun.reflect.DelegatingMethodAccessorImpl.invoke(DelegatingMethodAccessorImpl.java:43)
	at java.lang.reflect.Method.invoke(Method.java:498)
	at org.testng.internal.MethodInvocationHelper.invokeMethod(MethodInvocationHelper.java:108)
	at org.testng.internal.Invoker.invokeMethod(Invoker.java:661)
	at org.testng.internal.Invoker.invokeTestMethod(Invoker.java:869)
	at org.testng.internal.Invoker.invokeTestMethods(Invoker.java:1193)
	at org.testng.internal.TestMethodWorker.invokeTestMethods(TestMethodWorker.java:126)
	at org.testng.internal.TestMethodWorker.run(TestMethodWorker.java:109)
	at java.util.concurrent.ThreadPoolExecutor.runWorker(ThreadPoolExecutor.java:1149)
	at java.util.concurrent.ThreadPoolExecutor$Worker.run(ThreadPoolExecutor.java:624)
	at java.lang.Thread.run(Thread.java:748)
</pre></div></td>
<td>165</td>
<td>com.ExtramarksWebsite_TestCases.StudentNotesTest@24a298a6</td></tr>
<tr>
<td title='com.ExtramarksWebsite_TestCases.StudentNotesTest.editNotes()'><b>editNotes</b><br>Test class: com.ExtramarksWebsite_TestCases.StudentNotesTest<br>Parameters: {Description=Test, Class=V, Subject=Science, ShareType=Mentors, Username=9999999910, EditChapter=Our Environment, Runmode=Y, Password2=123456, Board=ICSE, Username2=9999999913, Title=Test, Password=123456, EditSubject=Science, ExpectedResult=Success, Chapter=Family, Browser=Chrome}<br/>
<a href="#Output-1503835435" onClick='toggleBox("Output-1503835435", this, "Show output", "Hide output");'>Show output</a>

<a href="#Output-1503835435" onClick="toggleAllBoxes();">Show all outputs</a>
<div class='log' id="Output-1503835435">
Opening Browser<br/>
Browser name : chrome and version: 78.0.3904.108<br/>
Entering UserName ->9999999910<br/>
Entering Password ->123456<br/>
Login successful<br/>
</div>
</td>
<td><div><pre>java.lang.AssertionError: The following asserts failed:
	Verifying edit notes functionality expected [EditNotes_PASS] but found [EditNotes_Records_not_Displayed_on_Grid_FAIL]
	at com.ExtramarksWebsite_TestCases.StudentNotesTest.editNotes(StudentNotesTest.java:175)
	at java.util.concurrent.ThreadPoolExecutor.runWorker(ThreadPoolExecutor.java:1149)
	at java.util.concurrent.ThreadPoolExecutor$Worker.run(ThreadPoolExecutor.java:624)
	at java.lang.Thread.run(Thread.java:748)
... Removed 11 stack frames</pre></div><a href='#' onClick='toggleBox("stack-trace1503835435", this, "Click to show all stack frames", "Click to hide stack frames")'>Click to show all stack frames</a>
<div class='stack-trace' id='stack-trace1503835435'><pre>java.lang.AssertionError: The following asserts failed:
	Verifying edit notes functionality expected [EditNotes_PASS] but found [EditNotes_Records_not_Displayed_on_Grid_FAIL]
	at org.testng.asserts.SoftAssert.assertAll(SoftAssert.java:43)
	at com.ExtramarksWebsite_TestCases.StudentNotesTest.editNotes(StudentNotesTest.java:175)
	at sun.reflect.NativeMethodAccessorImpl.invoke0(Native Method)
	at sun.reflect.NativeMethodAccessorImpl.invoke(NativeMethodAccessorImpl.java:62)
	at sun.reflect.DelegatingMethodAccessorImpl.invoke(DelegatingMethodAccessorImpl.java:43)
	at java.lang.reflect.Method.invoke(Method.java:498)
	at org.testng.internal.MethodInvocationHelper.invokeMethod(MethodInvocationHelper.java:108)
	at org.testng.internal.Invoker.invokeMethod(Invoker.java:661)
	at org.testng.internal.Invoker.invokeTestMethod(Invoker.java:869)
	at org.testng.internal.Invoker.invokeTestMethods(Invoker.java:1193)
	at org.testng.internal.TestMethodWorker.invokeTestMethods(TestMethodWorker.java:126)
	at org.testng.internal.TestMethodWorker.run(TestMethodWorker.java:109)
	at java.util.concurrent.ThreadPoolExecutor.runWorker(ThreadPoolExecutor.java:1149)
	at java.util.concurrent.ThreadPoolExecutor$Worker.run(ThreadPoolExecutor.java:624)
	at java.lang.Thread.run(Thread.java:748)
</pre></div></td>
<td>478</td>
<td>com.ExtramarksWebsite_TestCases.StudentNotesTest@24a298a6</td></tr>
<tr>
<td title='com.ExtramarksWebsite_TestCases.StudentNotesTest.verifysharedNotes()'><b>verifysharedNotes</b><br>Test class: com.ExtramarksWebsite_TestCases.StudentNotesTest<br>Parameters: {Description=Test, Class=V, Subject=Science, ShareType=Mentors, Username=9999999910, EditChapter=Our Environment, Runmode=Y, Password2=123456, Board=ICSE, Username2=9999999913, Title=Test, Password=123456, EditSubject=Science, ExpectedResult=Success, Chapter=Family, Browser=Chrome}<br/>
<a href="#Output-1073150701" onClick='toggleBox("Output-1073150701", this, "Show output", "Hide output");'>Show output</a>

<a href="#Output-1073150701" onClick="toggleAllBoxes();">Show all outputs</a>
<div class='log' id="Output-1073150701">
Opening Browser<br/>
Browser name : chrome and version: 78.0.3904.108<br/>
Entering UserName ->9999999913<br/>
Entering Password ->123456<br/>
Login successful<br/>
</div>
</td>
<td><div><pre>org.openqa.selenium.TimeoutException: Timed out after 30 seconds waiting for visibility of all []
Build info: version: &apos;2.53.0&apos;, revision: &apos;35ae25b1534ae328c771e0856c93e187490ca824&apos;, time: &apos;2016-03-15 10:43:46&apos;
System info: host: &apos;E4795_Tech&apos;, ip: &apos;10.1.17.50&apos;, os.name: &apos;Windows 10&apos;, os.arch: &apos;amd64&apos;, os.version: &apos;10.0&apos;, java.version: &apos;1.8.0_151&apos;
Driver info: org.openqa.selenium.chrome.ChromeDriver
Capabilities [{mobileEmulationEnabled=false, timeouts={implicit=0, pageLoad=300000, script=30000}, hasTouchScreen=false, platform=XP, acceptSslCerts=false, goog:chromeOptions={debuggerAddress=localhost:58095}, acceptInsecureCerts=false, webStorageEnabled=true, browserName=chrome, takesScreenshot=true, javascriptEnabled=true, setWindowRect=true, unexpectedAlertBehaviour=ignore, applicationCacheEnabled=false, rotatable=false, networkConnectionEnabled=false, chrome={chromedriverVersion=78.0.3904.70 (edb9c9f3de0247fd912a77b7f6cae7447f6d3ad5-refs/branch-heads/3904@{#800}), userDataDir=C:\Users\E8837\AppData\Local\Temp\scoped_dir8708_1033818146}, takesHeapSnapshot=true, pageLoadStrategy=normal, strictFileInteractability=false, databaseEnabled=false, handlesAlerts=true, version=78.0.3904.108, browserConnectionEnabled=false, proxy={}, nativeEvents=true, locationContextEnabled=true, cssSelectorsEnabled=true}]
Session ID: 7d75eaf83daaa4fd4cd6a5d9b4766ebd
	at org.openqa.selenium.support.ui.WebDriverWait.timeoutException(WebDriverWait.java:80)
	at org.openqa.selenium.support.ui.FluentWait.until(FluentWait.java:261)
	at com.ExtramarksWebsite_Pages.NotesPage.viewNotesFromOtherUser(NotesPage.java:295)
	at com.ExtramarksWebsite_TestCases.StudentNotesTest.verifysharedNotes(StudentNotesTest.java:292)
	at java.util.concurrent.ThreadPoolExecutor.runWorker(ThreadPoolExecutor.java:1149)
	at java.util.concurrent.ThreadPoolExecutor$Worker.run(ThreadPoolExecutor.java:624)
	at java.lang.Thread.run(Thread.java:748)
... Removed 10 stack frames</pre></div><a href='#' onClick='toggleBox("stack-trace1073150701", this, "Click to show all stack frames", "Click to hide stack frames")'>Click to show all stack frames</a>
<div class='stack-trace' id='stack-trace1073150701'><pre>org.openqa.selenium.TimeoutException: Timed out after 30 seconds waiting for visibility of all []
Build info: version: &apos;2.53.0&apos;, revision: &apos;35ae25b1534ae328c771e0856c93e187490ca824&apos;, time: &apos;2016-03-15 10:43:46&apos;
System info: host: &apos;E4795_Tech&apos;, ip: &apos;10.1.17.50&apos;, os.name: &apos;Windows 10&apos;, os.arch: &apos;amd64&apos;, os.version: &apos;10.0&apos;, java.version: &apos;1.8.0_151&apos;
Driver info: org.openqa.selenium.chrome.ChromeDriver
Capabilities [{mobileEmulationEnabled=false, timeouts={implicit=0, pageLoad=300000, script=30000}, hasTouchScreen=false, platform=XP, acceptSslCerts=false, goog:chromeOptions={debuggerAddress=localhost:58095}, acceptInsecureCerts=false, webStorageEnabled=true, browserName=chrome, takesScreenshot=true, javascriptEnabled=true, setWindowRect=true, unexpectedAlertBehaviour=ignore, applicationCacheEnabled=false, rotatable=false, networkConnectionEnabled=false, chrome={chromedriverVersion=78.0.3904.70 (edb9c9f3de0247fd912a77b7f6cae7447f6d3ad5-refs/branch-heads/3904@{#800}), userDataDir=C:\Users\E8837\AppData\Local\Temp\scoped_dir8708_1033818146}, takesHeapSnapshot=true, pageLoadStrategy=normal, strictFileInteractability=false, databaseEnabled=false, handlesAlerts=true, version=78.0.3904.108, browserConnectionEnabled=false, proxy={}, nativeEvents=true, locationContextEnabled=true, cssSelectorsEnabled=true}]
Session ID: 7d75eaf83daaa4fd4cd6a5d9b4766ebd
	at org.openqa.selenium.support.ui.WebDriverWait.timeoutException(WebDriverWait.java:80)
	at org.openqa.selenium.support.ui.FluentWait.until(FluentWait.java:261)
	at com.ExtramarksWebsite_Pages.NotesPage.viewNotesFromOtherUser(NotesPage.java:295)
	at com.ExtramarksWebsite_TestCases.StudentNotesTest.verifysharedNotes(StudentNotesTest.java:292)
	at sun.reflect.NativeMethodAccessorImpl.invoke0(Native Method)
	at sun.reflect.NativeMethodAccessorImpl.invoke(NativeMethodAccessorImpl.java:62)
	at sun.reflect.DelegatingMethodAccessorImpl.invoke(DelegatingMethodAccessorImpl.java:43)
	at java.lang.reflect.Method.invoke(Method.java:498)
	at org.testng.internal.MethodInvocationHelper.invokeMethod(MethodInvocationHelper.java:108)
	at org.testng.internal.Invoker.invokeMethod(Invoker.java:661)
	at org.testng.internal.Invoker.invokeTestMethod(Invoker.java:869)
	at org.testng.internal.Invoker.invokeTestMethods(Invoker.java:1193)
	at org.testng.internal.TestMethodWorker.invokeTestMethods(TestMethodWorker.java:126)
	at org.testng.internal.TestMethodWorker.run(TestMethodWorker.java:109)
	at java.util.concurrent.ThreadPoolExecutor.runWorker(ThreadPoolExecutor.java:1149)
	at java.util.concurrent.ThreadPoolExecutor$Worker.run(ThreadPoolExecutor.java:624)
	at java.lang.Thread.run(Thread.java:748)
</pre></div></td>
<td>809</td>
<td>com.ExtramarksWebsite_TestCases.StudentNotesTest@24a298a6</td></tr>
<tr>
<td title='com.ExtramarksWebsite_TestCases.StudentNotesTest.viewLesson()'><b>viewLesson</b><br>Test class: com.ExtramarksWebsite_TestCases.StudentNotesTest<br>Parameters: {Description=Test, Class=V, Subject=Science, ShareType=Mentors, Username=9999999910, EditChapter=Our Environment, Runmode=Y, Password2=123456, Board=ICSE, Username2=9999999913, Title=Test, Password=123456, EditSubject=Science, ExpectedResult=Success, Chapter=Family, Browser=Chrome}<br/>
<a href="#Output-1625636928" onClick='toggleBox("Output-1625636928", this, "Show output", "Hide output");'>Show output</a>

<a href="#Output-1625636928" onClick="toggleAllBoxes();">Show all outputs</a>
<div class='log' id="Output-1625636928">
Opening Browser<br/>
Browser name : chrome and version: 78.0.3904.108<br/>
Entering UserName ->9999999910<br/>
Entering Password ->123456<br/>
Login successful<br/>
</div>
</td>
<td><div><pre>java.lang.AssertionError: The following asserts failed:
	Verifying View Lesson from notes functionality Actual Result :  Expected Result : ,XII,Sociology: Indian Society,Introducing Indian Society expected [true] but found [false]
	at com.ExtramarksWebsite_TestCases.StudentNotesTest.viewLesson(StudentNotesTest.java:385)
	at java.util.concurrent.ThreadPoolExecutor.runWorker(ThreadPoolExecutor.java:1149)
	at java.util.concurrent.ThreadPoolExecutor$Worker.run(ThreadPoolExecutor.java:624)
	at java.lang.Thread.run(Thread.java:748)
... Removed 11 stack frames</pre></div><a href='#' onClick='toggleBox("stack-trace1625636928", this, "Click to show all stack frames", "Click to hide stack frames")'>Click to show all stack frames</a>
<div class='stack-trace' id='stack-trace1625636928'><pre>java.lang.AssertionError: The following asserts failed:
	Verifying View Lesson from notes functionality Actual Result :  Expected Result : ,XII,Sociology: Indian Society,Introducing Indian Society expected [true] but found [false]
	at org.testng.asserts.SoftAssert.assertAll(SoftAssert.java:43)
	at com.ExtramarksWebsite_TestCases.StudentNotesTest.viewLesson(StudentNotesTest.java:385)
	at sun.reflect.NativeMethodAccessorImpl.invoke0(Native Method)
	at sun.reflect.NativeMethodAccessorImpl.invoke(NativeMethodAccessorImpl.java:62)
	at sun.reflect.DelegatingMethodAccessorImpl.invoke(DelegatingMethodAccessorImpl.java:43)
	at java.lang.reflect.Method.invoke(Method.java:498)
	at org.testng.internal.MethodInvocationHelper.invokeMethod(MethodInvocationHelper.java:108)
	at org.testng.internal.Invoker.invokeMethod(Invoker.java:661)
	at org.testng.internal.Invoker.invokeTestMethod(Invoker.java:869)
	at org.testng.internal.Invoker.invokeTestMethods(Invoker.java:1193)
	at org.testng.internal.TestMethodWorker.invokeTestMethods(TestMethodWorker.java:126)
	at org.testng.internal.TestMethodWorker.run(TestMethodWorker.java:109)
	at java.util.concurrent.ThreadPoolExecutor.runWorker(ThreadPoolExecutor.java:1149)
	at java.util.concurrent.ThreadPoolExecutor$Worker.run(ThreadPoolExecutor.java:624)
	at java.lang.Thread.run(Thread.java:748)
</pre></div></td>
<td>266</td>
<td>com.ExtramarksWebsite_TestCases.StudentNotesTest@24a298a6</td></tr>
</table><p>
<table width='100%' border='1' class='invocation-passed'>
<tr><td colspan='4' align='center'><b>PASSED TESTS</b></td></tr>
<tr><td><b>Test method</b></td>
<td width="30%"><b>Exception</b></td>
<td width="10%"><b>Time (seconds)</b></td>
<td><b>Instance</b></td>
</tr>
<tr>
<td title='com.ExtramarksWebsite_TestCases.StudentNotesTest.deleteNotes()'><b>deleteNotes</b><br>Test class: com.ExtramarksWebsite_TestCases.StudentNotesTest<br>Parameters: {Description=Test, Class=V, Subject=Science, ShareType=Mentors, Username=9999999910, EditChapter=Our Environment, Runmode=Y, Password2=123456, Board=ICSE, Username2=9999999913, Title=Test, Password=123456, EditSubject=Science, ExpectedResult=Success, Chapter=Family, Browser=Chrome}<br/>
<a href="#Output-1933448572" onClick='toggleBox("Output-1933448572", this, "Show output", "Hide output");'>Show output</a>

<a href="#Output-1933448572" onClick="toggleAllBoxes();">Show all outputs</a>
<div class='log' id="Output-1933448572">
Opening Browser<br/>
Browser name : chrome and version: 78.0.3904.108<br/>
Entering UserName ->9999999910<br/>
Entering Password ->123456<br/>
Login successful<br/>
No Notes found to delete<br/>
Verifying delete notes functionality Actual Result : DeleteNotes_PASS Expected Result : DeleteNotes_PASS<br/>
</div>
</td>
<td></td>
<td>353</td>
<td>com.ExtramarksWebsite_TestCases.StudentNotesTest@24a298a6</td></tr>
<tr>
<td title='com.ExtramarksWebsite_TestCases.StudentNotesTest.shareNotes()'><b>shareNotes</b><br>Test class: com.ExtramarksWebsite_TestCases.StudentNotesTest<br>Parameters: {Description=Test, Class=V, Subject=Science, ShareType=Mentors, Username=9999999910, EditChapter=Our Environment, Runmode=Y, Password2=123456, Board=ICSE, Username2=9999999913, Title=Test, Password=123456, EditSubject=Science, ExpectedResult=Success, Chapter=Family, Browser=Chrome}<br/>
<a href="#Output-1650522985" onClick='toggleBox("Output-1650522985", this, "Show output", "Hide output");'>Show output</a>

<a href="#Output-1650522985" onClick="toggleAllBoxes();">Show all outputs</a>
<div class='log' id="Output-1650522985">
Opening Browser<br/>
Browser name : chrome and version: 78.0.3904.108<br/>
Entering UserName ->9999999910<br/>
Entering Password ->123456<br/>
Your last session was not logged out properly<br/>
Login successful<br/>
</div>
</td>
<td></td>
<td>387</td>
<td>com.ExtramarksWebsite_TestCases.StudentNotesTest@24a298a6</td></tr>
</table><p>
</body>
</html>