<?xml version="1.0" encoding="UTF-8"?>
<!-- Generated by org.testng.reporters.JUnitXMLReporter -->
<testsuite hostname="E4795_Tech" ignored="0" name="StudentNotesTest" tests="6" failures="4" timestamp="14 Feb 2020 14:57:18 GMT" time="2485.157" errors="0">
  <testcase name="addNotes" time="165.334" classname="com.ExtramarksWebsite_TestCases.StudentNotesTest">
    <failure type="java.lang.AssertionError" message="The following asserts failed:
	Verifying add notes functionality expected [AddNotes_PASS] but found [AddNotes_Records_Not_Display_on_Grid_FAIL]">
      <![CDATA[java.lang.AssertionError: The following asserts failed:
	Verifying add notes functionality expected [AddNotes_PASS] but found [AddNotes_Records_Not_Display_on_Grid_FAIL]
	at com.ExtramarksWebsite_TestCases.StudentNotesTest.addNotes(StudentNotesTest.java:136)
	at java.util.concurrent.ThreadPoolExecutor.runWorker(ThreadPoolExecutor.java:1149)
	at java.util.concurrent.ThreadPoolExecutor$Worker.run(ThreadPoolExecutor.java:624)
	at java.lang.Thread.run(Thread.java:748)
... Removed 11 stack frames]]>
    </failure>
  </testcase> <!-- addNotes -->
  <testcase name="editNotes" time="478.449" classname="com.ExtramarksWebsite_TestCases.StudentNotesTest">
    <failure type="java.lang.AssertionError" message="The following asserts failed:
	Verifying edit notes functionality expected [EditNotes_PASS] but found [EditNotes_Records_not_Displayed_on_Grid_FAIL]">
      <![CDATA[java.lang.AssertionError: The following asserts failed:
	Verifying edit notes functionality expected [EditNotes_PASS] but found [EditNotes_Records_not_Displayed_on_Grid_FAIL]
	at com.ExtramarksWebsite_TestCases.StudentNotesTest.editNotes(StudentNotesTest.java:175)
	at java.util.concurrent.ThreadPoolExecutor.runWorker(ThreadPoolExecutor.java:1149)
	at java.util.concurrent.ThreadPoolExecutor$Worker.run(ThreadPoolExecutor.java:624)
	at java.lang.Thread.run(Thread.java:748)
... Removed 11 stack frames]]>
    </failure>
  </testcase> <!-- editNotes -->
  <testcase name="deleteNotes" time="353.201" classname="com.ExtramarksWebsite_TestCases.StudentNotesTest"/>
  <testcase name="shareNotes" time="387.045" classname="com.ExtramarksWebsite_TestCases.StudentNotesTest"/>
  <testcase name="verifysharedNotes" time="809.077" classname="com.ExtramarksWebsite_TestCases.StudentNotesTest"/>
  <testcase name="viewLesson" time="266.338" classname="com.ExtramarksWebsite_TestCases.StudentNotesTest">
    <failure type="java.lang.AssertionError" message="The following asserts failed:
	Verifying View Lesson from notes functionality Actual Result :  Expected Result : ,XII,Sociology: Indian Society,Introducing Indian Society expected [true] but found [false]">
      <![CDATA[java.lang.AssertionError: The following asserts failed:
	Verifying View Lesson from notes functionality Actual Result :  Expected Result : ,XII,Sociology: Indian Society,Introducing Indian Society expected [true] but found [false]
	at com.ExtramarksWebsite_TestCases.StudentNotesTest.viewLesson(StudentNotesTest.java:385)
	at java.util.concurrent.ThreadPoolExecutor.runWorker(ThreadPoolExecutor.java:1149)
	at java.util.concurrent.ThreadPoolExecutor$Worker.run(ThreadPoolExecutor.java:624)
	at java.lang.Thread.run(Thread.java:748)
... Removed 11 stack frames]]>
    </failure>
  </testcase> <!-- viewLesson -->
</testsuite> <!-- StudentNotesTest -->
