<?xml version="1.0" encoding="UTF-8"?>
<!-- Generated by org.testng.reporters.JUnitReportReporter -->
<testsuite skipped="0" hostname="E4795_Tech" name="com.ExtramarksWebsite_TestCases.SettingTest" tests="4" failures="1" timestamp="14 Feb 2020 15:32:20 GMT" time="371.171" errors="0">
  <testcase name="changePAssword" time="101.622" classname="com.ExtramarksWebsite_TestCases.SettingTest">
    <failure type="java.lang.AssertionError" message="The following asserts failed:
	ChangePassword Fail">
      <![CDATA[java.lang.AssertionError: The following asserts failed:
	ChangePassword Fail
	at org.testng.asserts.SoftAssert.assertAll(SoftAssert.java:43)
	at com.ExtramarksWebsite_TestCases.SettingTest.changePAssword(SettingTest.java:149)
	at sun.reflect.NativeMethodAccessorImpl.invoke0(Native Method)
	at sun.reflect.NativeMethodAccessorImpl.invoke(NativeMethodAccessorImpl.java:62)
	at sun.reflect.DelegatingMethodAccessorImpl.invoke(DelegatingMethodAccessorImpl.java:43)
	at java.lang.reflect.Method.invoke(Method.java:498)
	at org.testng.internal.MethodInvocationHelper.invokeMethod(MethodInvocationHelper.java:108)
	at org.testng.internal.Invoker.invokeMethod(Invoker.java:661)
	at org.testng.internal.Invoker.invokeTestMethod(Invoker.java:869)
	at org.testng.internal.Invoker.invokeTestMethods(Invoker.java:1193)
	at org.testng.internal.TestMethodWorker.invokeTestMethods(TestMethodWorker.java:126)
	at org.testng.internal.TestMethodWorker.run(TestMethodWorker.java:109)
	at java.util.concurrent.ThreadPoolExecutor.runWorker(ThreadPoolExecutor.java:1149)
	at java.util.concurrent.ThreadPoolExecutor$Worker.run(ThreadPoolExecutor.java:624)
	at java.lang.Thread.run(Thread.java:748)
]]>
    </failure>
  </testcase> <!-- changePAssword -->
  <testcase name="editProfile" time="101.863" classname="com.ExtramarksWebsite_TestCases.SettingTest"/>
  <testcase name="settingSubscription" time="134.067" classname="com.ExtramarksWebsite_TestCases.SettingTest"/>
  <testcase name="redeemVoucher" time="33.619" classname="com.ExtramarksWebsite_TestCases.SettingTest"/>
</testsuite> <!-- com.ExtramarksWebsite_TestCases.SettingTest -->
